{"__type":"$$EventMessageAudit","id":"6f3c68d5-9ea2-49e1-918f-ab35d26dcea4","ts":"2025-07-17T09:44:40.859+00:00","eventName":"n8n.audit.workflow.created","message":"n8n.audit.workflow.created","payload":{"userId":"c9976b5a-d6de-4ff0-889d-e20fd6073acb","_email":"gauravarya272003@gmail.com","_firstName":"Gaurav","_lastName":"Arya","globalRole":"global:owner","workflowId":"1q5EsT2Y4z9bFBOS","workflowName":"My workflow"}}
{"__type":"$$EventMessageConfirm","confirm":"6f3c68d5-9ea2-49e1-918f-ab35d26dcea4","ts":"2025-07-17T09:44:40.860+00:00","source":{"id":"0","name":"eventBus"}}
{"__type":"$$EventMessageAudit","id":"1eafd99f-45a3-4534-be8c-cfa3d403e368","ts":"2025-07-17T10:19:56.291+00:00","eventName":"n8n.audit.user.credentials.created","message":"n8n.audit.user.credentials.created","payload":{"userId":"c9976b5a-d6de-4ff0-889d-e20fd6073acb","_email":"gauravarya272003@gmail.com","_firstName":"Gaurav","_lastName":"Arya","globalRole":"global:owner","credentialType":"httpHeaderAuth","credentialId":"PGbuXJLFPgDT9rwD","publicApi":false,"projectId":"WJJHTLIkjnXFTRGq","projectType":"personal"}}
{"__type":"$$EventMessageConfirm","confirm":"1eafd99f-45a3-4534-be8c-cfa3d403e368","ts":"2025-07-17T10:19:56.291+00:00","source":{"id":"0","name":"eventBus"}}
{"__type":"$$EventMessageAudit","id":"71ebe60f-70f6-4740-bbd1-dc9cd0032fc7","ts":"2025-07-17T10:34:24.057+00:00","eventName":"n8n.audit.workflow.updated","message":"n8n.audit.workflow.updated","payload":{"userId":"c9976b5a-d6de-4ff0-889d-e20fd6073acb","_email":"gauravarya272003@gmail.com","_firstName":"Gaurav","_lastName":"Arya","globalRole":"global:owner","workflowId":"1q5EsT2Y4z9bFBOS","workflowName":"My workflow"}}
{"__type":"$$EventMessageConfirm","confirm":"71ebe60f-70f6-4740-bbd1-dc9cd0032fc7","ts":"2025-07-17T10:34:24.058+00:00","source":{"id":"0","name":"eventBus"}}
{"__type":"$$EventMessageAudit","id":"382a96ac-f068-48d2-9297-43d0d1e1d780","ts":"2025-07-17T10:34:46.532+00:00","eventName":"n8n.audit.workflow.updated","message":"n8n.audit.workflow.updated","payload":{"userId":"c9976b5a-d6de-4ff0-889d-e20fd6073acb","_email":"gauravarya272003@gmail.com","_firstName":"Gaurav","_lastName":"Arya","globalRole":"global:owner","workflowId":"1q5EsT2Y4z9bFBOS","workflowName":"Ticket Processor"}}
{"__type":"$$EventMessageConfirm","confirm":"382a96ac-f068-48d2-9297-43d0d1e1d780","ts":"2025-07-17T10:34:46.532+00:00","source":{"id":"0","name":"eventBus"}}
{"__type":"$$EventMessageAudit","id":"03b861da-e87c-4bfd-91ba-86d64e029401","ts":"2025-07-17T10:36:02.625+00:00","eventName":"n8n.audit.workflow.updated","message":"n8n.audit.workflow.updated","payload":{"userId":"c9976b5a-d6de-4ff0-889d-e20fd6073acb","_email":"gauravarya272003@gmail.com","_firstName":"Gaurav","_lastName":"Arya","globalRole":"global:owner","workflowId":"1q5EsT2Y4z9bFBOS","workflowName":"Ticket Processor"}}
{"__type":"$$EventMessageConfirm","confirm":"03b861da-e87c-4bfd-91ba-86d64e029401","ts":"2025-07-17T10:36:02.626+00:00","source":{"id":"0","name":"eventBus"}}
{"__type":"$$EventMessageWorkflow","id":"268ef47e-b869-493c-812c-b8b7be189f43","ts":"2025-07-17T06:38:37.042-04:00","eventName":"n8n.workflow.started","message":"n8n.workflow.started","payload":{"executionId":"1","workflowId":"1q5EsT2Y4z9bFBOS","isManual":false,"workflowName":"Ticket Processor"}}
{"__type":"$$EventMessageConfirm","confirm":"268ef47e-b869-493c-812c-b8b7be189f43","ts":"2025-07-17T06:38:37.043-04:00","source":{"id":"0","name":"eventBus"}}
{"__type":"$$EventMessageNode","id":"06e4045d-961e-4830-8a29-dc332da96704","ts":"2025-07-17T06:38:37.046-04:00","eventName":"n8n.node.started","message":"n8n.node.started","payload":{"workflowId":"1q5EsT2Y4z9bFBOS","workflowName":"Ticket Processor","executionId":"1","nodeType":"n8n-nodes-base.webhook","nodeName":"Webhook","nodeId":"5d1c30b2-2235-4498-9e44-6267054373e1"}}
{"__type":"$$EventMessageConfirm","confirm":"06e4045d-961e-4830-8a29-dc332da96704","ts":"2025-07-17T06:38:37.046-04:00","source":{"id":"0","name":"eventBus"}}
{"__type":"$$EventMessageNode","id":"ff20614c-202c-4b76-bf7b-d29654343198","ts":"2025-07-17T06:38:37.051-04:00","eventName":"n8n.node.finished","message":"n8n.node.finished","payload":{"workflowId":"1q5EsT2Y4z9bFBOS","workflowName":"Ticket Processor","executionId":"1","nodeType":"n8n-nodes-base.webhook","nodeName":"Webhook","nodeId":"5d1c30b2-2235-4498-9e44-6267054373e1"}}
{"__type":"$$EventMessageConfirm","confirm":"ff20614c-202c-4b76-bf7b-d29654343198","ts":"2025-07-17T06:38:37.051-04:00","source":{"id":"0","name":"eventBus"}}
{"__type":"$$EventMessageNode","id":"85357731-fe49-4172-9b01-fda5f43257cc","ts":"2025-07-17T06:38:37.052-04:00","eventName":"n8n.node.started","message":"n8n.node.started","payload":{"workflowId":"1q5EsT2Y4z9bFBOS","workflowName":"Ticket Processor","executionId":"1","nodeType":"n8n-nodes-base.wait","nodeName":"Wait","nodeId":"bdf3b9cf-7f27-4415-b74f-72d9e1886c73"}}
{"__type":"$$EventMessageConfirm","confirm":"85357731-fe49-4172-9b01-fda5f43257cc","ts":"2025-07-17T06:38:37.053-04:00","source":{"id":"0","name":"eventBus"}}
{"__type":"$$EventMessageNode","id":"64cbde43-aae7-4b9b-986e-9ec4597b7a7e","ts":"2025-07-17T06:38:42.291-04:00","eventName":"n8n.node.finished","message":"n8n.node.finished","payload":{"workflowId":"1q5EsT2Y4z9bFBOS","workflowName":"Ticket Processor","executionId":"1","nodeType":"n8n-nodes-base.wait","nodeName":"Wait","nodeId":"bdf3b9cf-7f27-4415-b74f-72d9e1886c73"}}
{"__type":"$$EventMessageConfirm","confirm":"64cbde43-aae7-4b9b-986e-9ec4597b7a7e","ts":"2025-07-17T06:38:42.293-04:00","source":{"id":"0","name":"eventBus"}}
{"__type":"$$EventMessageNode","id":"b46e315b-94d6-42e6-9406-e6fe2358a5c0","ts":"2025-07-17T06:38:42.294-04:00","eventName":"n8n.node.started","message":"n8n.node.started","payload":{"workflowId":"1q5EsT2Y4z9bFBOS","workflowName":"Ticket Processor","executionId":"1","nodeType":"n8n-nodes-base.httpRequest","nodeName":"HTTP Request","nodeId":"88011353-74b5-4461-8bba-bd12205ec1ba"}}
{"__type":"$$EventMessageConfirm","confirm":"b46e315b-94d6-42e6-9406-e6fe2358a5c0","ts":"2025-07-17T06:38:42.294-04:00","source":{"id":"0","name":"eventBus"}}
{"__type":"$$EventMessageNode","id":"3303d9f5-c9dd-4ce8-9118-16b6218f304c","ts":"2025-07-17T06:38:46.650-04:00","eventName":"n8n.node.finished","message":"n8n.node.finished","payload":{"workflowId":"1q5EsT2Y4z9bFBOS","workflowName":"Ticket Processor","executionId":"1","nodeType":"n8n-nodes-base.httpRequest","nodeName":"HTTP Request","nodeId":"88011353-74b5-4461-8bba-bd12205ec1ba"}}
{"__type":"$$EventMessageConfirm","confirm":"3303d9f5-c9dd-4ce8-9118-16b6218f304c","ts":"2025-07-17T06:38:46.650-04:00","source":{"id":"0","name":"eventBus"}}
{"__type":"$$EventMessageWorkflow","id":"cccdb458-d8f7-4df2-8895-83b942acab37","ts":"2025-07-17T06:38:46.655-04:00","eventName":"n8n.workflow.failed","message":"n8n.workflow.failed","payload":{"executionId":"1","success":false,"isManual":false,"workflowId":"1q5EsT2Y4z9bFBOS","workflowName":"Ticket Processor","lastNodeExecuted":"HTTP Request","errorNodeType":"n8n-nodes-base.httpRequest","errorMessage":"Header name must be a valid HTTP token [\"Flowbit Secret\"]"}}
{"__type":"$$EventMessageConfirm","confirm":"cccdb458-d8f7-4df2-8895-83b942acab37","ts":"2025-07-17T06:38:46.657-04:00","source":{"id":"0","name":"eventBus"}}
{"__type":"$$EventMessageWorkflow","id":"7f27486c-f4f6-4d85-9953-139e4edf1e6e","ts":"2025-07-17T06:39:15.672-04:00","eventName":"n8n.workflow.started","message":"n8n.workflow.started","payload":{"executionId":"2","workflowId":"1q5EsT2Y4z9bFBOS","isManual":false,"workflowName":"Ticket Processor"}}
{"__type":"$$EventMessageConfirm","confirm":"7f27486c-f4f6-4d85-9953-139e4edf1e6e","ts":"2025-07-17T06:39:15.672-04:00","source":{"id":"0","name":"eventBus"}}
{"__type":"$$EventMessageNode","id":"655407f1-5812-48d3-87f4-ca3bc402b28a","ts":"2025-07-17T06:39:15.673-04:00","eventName":"n8n.node.started","message":"n8n.node.started","payload":{"workflowId":"1q5EsT2Y4z9bFBOS","workflowName":"Ticket Processor","executionId":"2","nodeType":"n8n-nodes-base.webhook","nodeName":"Webhook","nodeId":"5d1c30b2-2235-4498-9e44-6267054373e1"}}
{"__type":"$$EventMessageConfirm","confirm":"655407f1-5812-48d3-87f4-ca3bc402b28a","ts":"2025-07-17T06:39:15.673-04:00","source":{"id":"0","name":"eventBus"}}
{"__type":"$$EventMessageNode","id":"0ed8ae63-a4c3-4f26-82d0-c4d9b631e1a9","ts":"2025-07-17T06:39:15.673-04:00","eventName":"n8n.node.finished","message":"n8n.node.finished","payload":{"workflowId":"1q5EsT2Y4z9bFBOS","workflowName":"Ticket Processor","executionId":"2","nodeType":"n8n-nodes-base.webhook","nodeName":"Webhook","nodeId":"5d1c30b2-2235-4498-9e44-6267054373e1"}}
{"__type":"$$EventMessageConfirm","confirm":"0ed8ae63-a4c3-4f26-82d0-c4d9b631e1a9","ts":"2025-07-17T06:39:15.674-04:00","source":{"id":"0","name":"eventBus"}}
{"__type":"$$EventMessageNode","id":"e599ba9c-a006-4054-8a1b-2c12081c3db1","ts":"2025-07-17T06:39:15.674-04:00","eventName":"n8n.node.started","message":"n8n.node.started","payload":{"workflowId":"1q5EsT2Y4z9bFBOS","workflowName":"Ticket Processor","executionId":"2","nodeType":"n8n-nodes-base.wait","nodeName":"Wait","nodeId":"bdf3b9cf-7f27-4415-b74f-72d9e1886c73"}}
{"__type":"$$EventMessageConfirm","confirm":"e599ba9c-a006-4054-8a1b-2c12081c3db1","ts":"2025-07-17T06:39:15.674-04:00","source":{"id":"0","name":"eventBus"}}
{"__type":"$$EventMessageNode","id":"28691064-3135-4ac0-abf3-4d961438823d","ts":"2025-07-17T06:39:20.675-04:00","eventName":"n8n.node.finished","message":"n8n.node.finished","payload":{"workflowId":"1q5EsT2Y4z9bFBOS","workflowName":"Ticket Processor","executionId":"2","nodeType":"n8n-nodes-base.wait","nodeName":"Wait","nodeId":"bdf3b9cf-7f27-4415-b74f-72d9e1886c73"}}
{"__type":"$$EventMessageConfirm","confirm":"28691064-3135-4ac0-abf3-4d961438823d","ts":"2025-07-17T06:39:20.675-04:00","source":{"id":"0","name":"eventBus"}}
{"__type":"$$EventMessageNode","id":"9de5f6c5-f27c-44ea-92e9-ce814250544b","ts":"2025-07-17T06:39:20.676-04:00","eventName":"n8n.node.started","message":"n8n.node.started","payload":{"workflowId":"1q5EsT2Y4z9bFBOS","workflowName":"Ticket Processor","executionId":"2","nodeType":"n8n-nodes-base.httpRequest","nodeName":"HTTP Request","nodeId":"88011353-74b5-4461-8bba-bd12205ec1ba"}}
{"__type":"$$EventMessageConfirm","confirm":"9de5f6c5-f27c-44ea-92e9-ce814250544b","ts":"2025-07-17T06:39:20.676-04:00","source":{"id":"0","name":"eventBus"}}
{"__type":"$$EventMessageNode","id":"ff57ad32-3180-44d6-ac34-87ad7f473282","ts":"2025-07-17T06:39:20.700-04:00","eventName":"n8n.node.finished","message":"n8n.node.finished","payload":{"workflowId":"1q5EsT2Y4z9bFBOS","workflowName":"Ticket Processor","executionId":"2","nodeType":"n8n-nodes-base.httpRequest","nodeName":"HTTP Request","nodeId":"88011353-74b5-4461-8bba-bd12205ec1ba"}}
{"__type":"$$EventMessageConfirm","confirm":"ff57ad32-3180-44d6-ac34-87ad7f473282","ts":"2025-07-17T06:39:20.700-04:00","source":{"id":"0","name":"eventBus"}}
{"__type":"$$EventMessageWorkflow","id":"abad6b6b-8c89-4603-9b05-f76409d8ccff","ts":"2025-07-17T06:39:20.701-04:00","eventName":"n8n.workflow.failed","message":"n8n.workflow.failed","payload":{"executionId":"2","success":false,"isManual":false,"workflowId":"1q5EsT2Y4z9bFBOS","workflowName":"Ticket Processor","lastNodeExecuted":"HTTP Request","errorNodeType":"n8n-nodes-base.httpRequest","errorMessage":"Header name must be a valid HTTP token [\"Flowbit Secret\"]"}}
{"__type":"$$EventMessageConfirm","confirm":"abad6b6b-8c89-4603-9b05-f76409d8ccff","ts":"2025-07-17T06:39:20.701-04:00","source":{"id":"0","name":"eventBus"}}
{"__type":"$$EventMessageWorkflow","id":"3510dd7c-2c62-4c25-ad5c-a4b7a2cbf1c7","ts":"2025-07-17T06:45:42.843-04:00","eventName":"n8n.workflow.started","message":"n8n.workflow.started","payload":{"executionId":"3","workflowId":"1q5EsT2Y4z9bFBOS","isManual":false,"workflowName":"Ticket Processor"}}
{"__type":"$$EventMessageConfirm","confirm":"3510dd7c-2c62-4c25-ad5c-a4b7a2cbf1c7","ts":"2025-07-17T06:45:42.844-04:00","source":{"id":"0","name":"eventBus"}}
{"__type":"$$EventMessageNode","id":"1e05e6f8-9b97-4e51-9559-68480f742a94","ts":"2025-07-17T06:45:42.845-04:00","eventName":"n8n.node.started","message":"n8n.node.started","payload":{"workflowId":"1q5EsT2Y4z9bFBOS","workflowName":"Ticket Processor","executionId":"3","nodeType":"n8n-nodes-base.webhook","nodeName":"Webhook","nodeId":"5d1c30b2-2235-4498-9e44-6267054373e1"}}
{"__type":"$$EventMessageConfirm","confirm":"1e05e6f8-9b97-4e51-9559-68480f742a94","ts":"2025-07-17T06:45:42.845-04:00","source":{"id":"0","name":"eventBus"}}
{"__type":"$$EventMessageNode","id":"f3ea5c3f-8b26-48aa-8c35-2dd99a9cb587","ts":"2025-07-17T06:45:42.848-04:00","eventName":"n8n.node.finished","message":"n8n.node.finished","payload":{"workflowId":"1q5EsT2Y4z9bFBOS","workflowName":"Ticket Processor","executionId":"3","nodeType":"n8n-nodes-base.webhook","nodeName":"Webhook","nodeId":"5d1c30b2-2235-4498-9e44-6267054373e1"}}
{"__type":"$$EventMessageConfirm","confirm":"f3ea5c3f-8b26-48aa-8c35-2dd99a9cb587","ts":"2025-07-17T06:45:42.848-04:00","source":{"id":"0","name":"eventBus"}}
{"__type":"$$EventMessageNode","id":"835298fa-037a-4a22-bb86-10836105739a","ts":"2025-07-17T06:45:42.851-04:00","eventName":"n8n.node.started","message":"n8n.node.started","payload":{"workflowId":"1q5EsT2Y4z9bFBOS","workflowName":"Ticket Processor","executionId":"3","nodeType":"n8n-nodes-base.wait","nodeName":"Wait","nodeId":"bdf3b9cf-7f27-4415-b74f-72d9e1886c73"}}
{"__type":"$$EventMessageConfirm","confirm":"835298fa-037a-4a22-bb86-10836105739a","ts":"2025-07-17T06:45:42.851-04:00","source":{"id":"0","name":"eventBus"}}
{"__type":"$$EventMessageNode","id":"d1e5fbcb-c138-43cd-9359-01e8aa0d1f03","ts":"2025-07-17T06:45:47.857-04:00","eventName":"n8n.node.finished","message":"n8n.node.finished","payload":{"workflowId":"1q5EsT2Y4z9bFBOS","workflowName":"Ticket Processor","executionId":"3","nodeType":"n8n-nodes-base.wait","nodeName":"Wait","nodeId":"bdf3b9cf-7f27-4415-b74f-72d9e1886c73"}}
{"__type":"$$EventMessageConfirm","confirm":"d1e5fbcb-c138-43cd-9359-01e8aa0d1f03","ts":"2025-07-17T06:45:47.857-04:00","source":{"id":"0","name":"eventBus"}}
{"__type":"$$EventMessageNode","id":"38aec278-e401-4066-a2ab-217a17bd7f55","ts":"2025-07-17T06:45:47.858-04:00","eventName":"n8n.node.started","message":"n8n.node.started","payload":{"workflowId":"1q5EsT2Y4z9bFBOS","workflowName":"Ticket Processor","executionId":"3","nodeType":"n8n-nodes-base.httpRequest","nodeName":"HTTP Request","nodeId":"88011353-74b5-4461-8bba-bd12205ec1ba"}}
{"__type":"$$EventMessageConfirm","confirm":"38aec278-e401-4066-a2ab-217a17bd7f55","ts":"2025-07-17T06:45:47.858-04:00","source":{"id":"0","name":"eventBus"}}
{"__type":"$$EventMessageNode","id":"fbd9147f-5388-4672-abf8-34e91199021f","ts":"2025-07-17T06:45:47.891-04:00","eventName":"n8n.node.finished","message":"n8n.node.finished","payload":{"workflowId":"1q5EsT2Y4z9bFBOS","workflowName":"Ticket Processor","executionId":"3","nodeType":"n8n-nodes-base.httpRequest","nodeName":"HTTP Request","nodeId":"88011353-74b5-4461-8bba-bd12205ec1ba"}}
{"__type":"$$EventMessageConfirm","confirm":"fbd9147f-5388-4672-abf8-34e91199021f","ts":"2025-07-17T06:45:47.892-04:00","source":{"id":"0","name":"eventBus"}}
{"__type":"$$EventMessageWorkflow","id":"dac29e7d-6ce8-4e0c-905b-416ab8f8ec7c","ts":"2025-07-17T06:45:47.893-04:00","eventName":"n8n.workflow.failed","message":"n8n.workflow.failed","payload":{"executionId":"3","success":false,"isManual":false,"workflowId":"1q5EsT2Y4z9bFBOS","workflowName":"Ticket Processor","lastNodeExecuted":"HTTP Request","errorNodeType":"n8n-nodes-base.httpRequest","errorMessage":"Header name must be a valid HTTP token [\"Flowbit Secret\"]"}}
{"__type":"$$EventMessageConfirm","confirm":"dac29e7d-6ce8-4e0c-905b-416ab8f8ec7c","ts":"2025-07-17T06:45:47.899-04:00","source":{"id":"0","name":"eventBus"}}
{"__type":"$$EventMessageAudit","id":"ec5d271a-7bd4-4aee-b1ae-a6b6ef790b3e","ts":"2025-07-17T06:47:56.191-04:00","eventName":"n8n.audit.user.credentials.created","message":"n8n.audit.user.credentials.created","payload":{"userId":"c9976b5a-d6de-4ff0-889d-e20fd6073acb","_email":"gauravarya272003@gmail.com","_firstName":"Gaurav","_lastName":"Arya","globalRole":"global:owner","credentialType":"httpHeaderAuth","credentialId":"ONxrxb9Nxmr55FvG","publicApi":false,"projectId":"WJJHTLIkjnXFTRGq","projectType":"personal"}}
{"__type":"$$EventMessageConfirm","confirm":"ec5d271a-7bd4-4aee-b1ae-a6b6ef790b3e","ts":"2025-07-17T06:47:56.191-04:00","source":{"id":"0","name":"eventBus"}}
{"__type":"$$EventMessageWorkflow","id":"35f9e6cf-cc79-4673-a10b-4201376846de","ts":"2025-07-17T06:48:30.654-04:00","eventName":"n8n.workflow.started","message":"n8n.workflow.started","payload":{"executionId":"4","workflowId":"1q5EsT2Y4z9bFBOS","isManual":false,"workflowName":"Ticket Processor"}}
{"__type":"$$EventMessageConfirm","confirm":"35f9e6cf-cc79-4673-a10b-4201376846de","ts":"2025-07-17T06:48:30.654-04:00","source":{"id":"0","name":"eventBus"}}
{"__type":"$$EventMessageNode","id":"788c6d1f-f128-44fa-880b-c1d5ffbd67ff","ts":"2025-07-17T06:48:30.655-04:00","eventName":"n8n.node.started","message":"n8n.node.started","payload":{"workflowId":"1q5EsT2Y4z9bFBOS","workflowName":"Ticket Processor","executionId":"4","nodeType":"n8n-nodes-base.webhook","nodeName":"Webhook","nodeId":"5d1c30b2-2235-4498-9e44-6267054373e1"}}
{"__type":"$$EventMessageConfirm","confirm":"788c6d1f-f128-44fa-880b-c1d5ffbd67ff","ts":"2025-07-17T06:48:30.655-04:00","source":{"id":"0","name":"eventBus"}}
{"__type":"$$EventMessageNode","id":"5e47d7b6-5343-4511-b6e9-6dbdb49fea97","ts":"2025-07-17T06:48:30.657-04:00","eventName":"n8n.node.finished","message":"n8n.node.finished","payload":{"workflowId":"1q5EsT2Y4z9bFBOS","workflowName":"Ticket Processor","executionId":"4","nodeType":"n8n-nodes-base.webhook","nodeName":"Webhook","nodeId":"5d1c30b2-2235-4498-9e44-6267054373e1"}}
{"__type":"$$EventMessageConfirm","confirm":"5e47d7b6-5343-4511-b6e9-6dbdb49fea97","ts":"2025-07-17T06:48:30.658-04:00","source":{"id":"0","name":"eventBus"}}
{"__type":"$$EventMessageNode","id":"e5e1a3b3-78d3-46e5-acdd-a9c0e4c634a2","ts":"2025-07-17T06:48:30.659-04:00","eventName":"n8n.node.started","message":"n8n.node.started","payload":{"workflowId":"1q5EsT2Y4z9bFBOS","workflowName":"Ticket Processor","executionId":"4","nodeType":"n8n-nodes-base.wait","nodeName":"Wait","nodeId":"bdf3b9cf-7f27-4415-b74f-72d9e1886c73"}}
{"__type":"$$EventMessageConfirm","confirm":"e5e1a3b3-78d3-46e5-acdd-a9c0e4c634a2","ts":"2025-07-17T06:48:30.659-04:00","source":{"id":"0","name":"eventBus"}}
{"__type":"$$EventMessageNode","id":"b6568f4a-c3c2-430b-b5c0-d4b48898ada2","ts":"2025-07-17T06:48:35.667-04:00","eventName":"n8n.node.finished","message":"n8n.node.finished","payload":{"workflowId":"1q5EsT2Y4z9bFBOS","workflowName":"Ticket Processor","executionId":"4","nodeType":"n8n-nodes-base.wait","nodeName":"Wait","nodeId":"bdf3b9cf-7f27-4415-b74f-72d9e1886c73"}}
{"__type":"$$EventMessageConfirm","confirm":"b6568f4a-c3c2-430b-b5c0-d4b48898ada2","ts":"2025-07-17T06:48:35.667-04:00","source":{"id":"0","name":"eventBus"}}
{"__type":"$$EventMessageNode","id":"e8b5dcc1-0371-4dac-b602-6287dac06bef","ts":"2025-07-17T06:48:35.668-04:00","eventName":"n8n.node.started","message":"n8n.node.started","payload":{"workflowId":"1q5EsT2Y4z9bFBOS","workflowName":"Ticket Processor","executionId":"4","nodeType":"n8n-nodes-base.httpRequest","nodeName":"HTTP Request","nodeId":"88011353-74b5-4461-8bba-bd12205ec1ba"}}
{"__type":"$$EventMessageConfirm","confirm":"e8b5dcc1-0371-4dac-b602-6287dac06bef","ts":"2025-07-17T06:48:35.669-04:00","source":{"id":"0","name":"eventBus"}}
{"__type":"$$EventMessageNode","id":"f14778fa-1dce-4e77-a636-e4ab7fcc85b6","ts":"2025-07-17T06:48:35.692-04:00","eventName":"n8n.node.finished","message":"n8n.node.finished","payload":{"workflowId":"1q5EsT2Y4z9bFBOS","workflowName":"Ticket Processor","executionId":"4","nodeType":"n8n-nodes-base.httpRequest","nodeName":"HTTP Request","nodeId":"88011353-74b5-4461-8bba-bd12205ec1ba"}}
{"__type":"$$EventMessageConfirm","confirm":"f14778fa-1dce-4e77-a636-e4ab7fcc85b6","ts":"2025-07-17T06:48:35.692-04:00","source":{"id":"0","name":"eventBus"}}
{"__type":"$$EventMessageWorkflow","id":"5341b91d-1c36-4261-ae74-68f346364791","ts":"2025-07-17T06:48:35.693-04:00","eventName":"n8n.workflow.failed","message":"n8n.workflow.failed","payload":{"executionId":"4","success":false,"isManual":false,"workflowId":"1q5EsT2Y4z9bFBOS","workflowName":"Ticket Processor","lastNodeExecuted":"HTTP Request","errorNodeType":"n8n-nodes-base.httpRequest","errorMessage":"Header name must be a valid HTTP token [\"Flowbit Secret\"]"}}
{"__type":"$$EventMessageConfirm","confirm":"5341b91d-1c36-4261-ae74-68f346364791","ts":"2025-07-17T06:48:35.693-04:00","source":{"id":"0","name":"eventBus"}}
{"__type":"$$EventMessageWorkflow","id":"4dd2e747-a9e0-47e5-a11f-03215ee26b32","ts":"2025-07-17T06:56:29.783-04:00","eventName":"n8n.workflow.started","message":"n8n.workflow.started","payload":{"executionId":"5","workflowId":"1q5EsT2Y4z9bFBOS","isManual":false,"workflowName":"Ticket Processor"}}
{"__type":"$$EventMessageConfirm","confirm":"4dd2e747-a9e0-47e5-a11f-03215ee26b32","ts":"2025-07-17T06:56:29.784-04:00","source":{"id":"0","name":"eventBus"}}
{"__type":"$$EventMessageNode","id":"386828e5-7f7c-443d-9ec3-5a1fae117d0e","ts":"2025-07-17T06:56:29.784-04:00","eventName":"n8n.node.started","message":"n8n.node.started","payload":{"workflowId":"1q5EsT2Y4z9bFBOS","workflowName":"Ticket Processor","executionId":"5","nodeType":"n8n-nodes-base.webhook","nodeName":"Webhook","nodeId":"5d1c30b2-2235-4498-9e44-6267054373e1"}}
{"__type":"$$EventMessageConfirm","confirm":"386828e5-7f7c-443d-9ec3-5a1fae117d0e","ts":"2025-07-17T06:56:29.784-04:00","source":{"id":"0","name":"eventBus"}}
{"__type":"$$EventMessageNode","id":"83d1a711-74d8-4102-93a5-33c04fbd3bba","ts":"2025-07-17T06:56:29.785-04:00","eventName":"n8n.node.finished","message":"n8n.node.finished","payload":{"workflowId":"1q5EsT2Y4z9bFBOS","workflowName":"Ticket Processor","executionId":"5","nodeType":"n8n-nodes-base.webhook","nodeName":"Webhook","nodeId":"5d1c30b2-2235-4498-9e44-6267054373e1"}}
{"__type":"$$EventMessageConfirm","confirm":"83d1a711-74d8-4102-93a5-33c04fbd3bba","ts":"2025-07-17T06:56:29.785-04:00","source":{"id":"0","name":"eventBus"}}
{"__type":"$$EventMessageNode","id":"3f7c7fe2-2199-46ff-92a6-42792997313e","ts":"2025-07-17T06:56:29.786-04:00","eventName":"n8n.node.started","message":"n8n.node.started","payload":{"workflowId":"1q5EsT2Y4z9bFBOS","workflowName":"Ticket Processor","executionId":"5","nodeType":"n8n-nodes-base.wait","nodeName":"Wait","nodeId":"bdf3b9cf-7f27-4415-b74f-72d9e1886c73"}}
{"__type":"$$EventMessageConfirm","confirm":"3f7c7fe2-2199-46ff-92a6-42792997313e","ts":"2025-07-17T06:56:29.786-04:00","source":{"id":"0","name":"eventBus"}}
{"__type":"$$EventMessageNode","id":"58230dbd-355f-4d61-b7b5-a15b8ff9afb2","ts":"2025-07-17T06:56:34.799-04:00","eventName":"n8n.node.finished","message":"n8n.node.finished","payload":{"workflowId":"1q5EsT2Y4z9bFBOS","workflowName":"Ticket Processor","executionId":"5","nodeType":"n8n-nodes-base.wait","nodeName":"Wait","nodeId":"bdf3b9cf-7f27-4415-b74f-72d9e1886c73"}}
{"__type":"$$EventMessageConfirm","confirm":"58230dbd-355f-4d61-b7b5-a15b8ff9afb2","ts":"2025-07-17T06:56:34.799-04:00","source":{"id":"0","name":"eventBus"}}
{"__type":"$$EventMessageNode","id":"16820a70-225f-451a-9047-a225650f115e","ts":"2025-07-17T06:56:34.799-04:00","eventName":"n8n.node.started","message":"n8n.node.started","payload":{"workflowId":"1q5EsT2Y4z9bFBOS","workflowName":"Ticket Processor","executionId":"5","nodeType":"n8n-nodes-base.httpRequest","nodeName":"HTTP Request","nodeId":"88011353-74b5-4461-8bba-bd12205ec1ba"}}
{"__type":"$$EventMessageConfirm","confirm":"16820a70-225f-451a-9047-a225650f115e","ts":"2025-07-17T06:56:34.800-04:00","source":{"id":"0","name":"eventBus"}}
{"__type":"$$EventMessageNode","id":"ff1e4a2f-2cec-47da-811c-039389a0773c","ts":"2025-07-17T06:56:34.824-04:00","eventName":"n8n.node.finished","message":"n8n.node.finished","payload":{"workflowId":"1q5EsT2Y4z9bFBOS","workflowName":"Ticket Processor","executionId":"5","nodeType":"n8n-nodes-base.httpRequest","nodeName":"HTTP Request","nodeId":"88011353-74b5-4461-8bba-bd12205ec1ba"}}
{"__type":"$$EventMessageConfirm","confirm":"ff1e4a2f-2cec-47da-811c-039389a0773c","ts":"2025-07-17T06:56:34.825-04:00","source":{"id":"0","name":"eventBus"}}
{"__type":"$$EventMessageWorkflow","id":"b546221e-8b68-487e-a2da-3caba00f3d4c","ts":"2025-07-17T06:56:34.825-04:00","eventName":"n8n.workflow.failed","message":"n8n.workflow.failed","payload":{"executionId":"5","success":false,"isManual":false,"workflowId":"1q5EsT2Y4z9bFBOS","workflowName":"Ticket Processor","lastNodeExecuted":"HTTP Request","errorNodeType":"n8n-nodes-base.httpRequest","errorMessage":"Header name must be a valid HTTP token [\"Flowbit Secret\"]"}}
{"__type":"$$EventMessageConfirm","confirm":"b546221e-8b68-487e-a2da-3caba00f3d4c","ts":"2025-07-17T06:56:34.826-04:00","source":{"id":"0","name":"eventBus"}}
{"__type":"$$EventMessageWorkflow","id":"698404f6-72f0-4e78-8319-1e1c8d78e64f","ts":"2025-07-17T06:57:16.026-04:00","eventName":"n8n.workflow.started","message":"n8n.workflow.started","payload":{"executionId":"6","workflowId":"1q5EsT2Y4z9bFBOS","isManual":false,"workflowName":"Ticket Processor"}}
{"__type":"$$EventMessageConfirm","confirm":"698404f6-72f0-4e78-8319-1e1c8d78e64f","ts":"2025-07-17T06:57:16.027-04:00","source":{"id":"0","name":"eventBus"}}
{"__type":"$$EventMessageNode","id":"6116855c-c919-4987-ba26-ec42655fab4b","ts":"2025-07-17T06:57:16.028-04:00","eventName":"n8n.node.started","message":"n8n.node.started","payload":{"workflowId":"1q5EsT2Y4z9bFBOS","workflowName":"Ticket Processor","executionId":"6","nodeType":"n8n-nodes-base.webhook","nodeName":"Webhook","nodeId":"5d1c30b2-2235-4498-9e44-6267054373e1"}}
{"__type":"$$EventMessageConfirm","confirm":"6116855c-c919-4987-ba26-ec42655fab4b","ts":"2025-07-17T06:57:16.028-04:00","source":{"id":"0","name":"eventBus"}}
{"__type":"$$EventMessageNode","id":"4c23cdf7-697c-41a7-9bb7-f64dbee0d166","ts":"2025-07-17T06:57:16.029-04:00","eventName":"n8n.node.finished","message":"n8n.node.finished","payload":{"workflowId":"1q5EsT2Y4z9bFBOS","workflowName":"Ticket Processor","executionId":"6","nodeType":"n8n-nodes-base.webhook","nodeName":"Webhook","nodeId":"5d1c30b2-2235-4498-9e44-6267054373e1"}}
{"__type":"$$EventMessageConfirm","confirm":"4c23cdf7-697c-41a7-9bb7-f64dbee0d166","ts":"2025-07-17T06:57:16.029-04:00","source":{"id":"0","name":"eventBus"}}
{"__type":"$$EventMessageNode","id":"f8ecb77e-9548-42e9-b454-64b8649e6e3a","ts":"2025-07-17T06:57:16.030-04:00","eventName":"n8n.node.started","message":"n8n.node.started","payload":{"workflowId":"1q5EsT2Y4z9bFBOS","workflowName":"Ticket Processor","executionId":"6","nodeType":"n8n-nodes-base.wait","nodeName":"Wait","nodeId":"bdf3b9cf-7f27-4415-b74f-72d9e1886c73"}}
{"__type":"$$EventMessageConfirm","confirm":"f8ecb77e-9548-42e9-b454-64b8649e6e3a","ts":"2025-07-17T06:57:16.030-04:00","source":{"id":"0","name":"eventBus"}}
{"__type":"$$EventMessageNode","id":"4a2a3ce8-72e5-41e9-94c7-7372f407c631","ts":"2025-07-17T06:57:21.033-04:00","eventName":"n8n.node.finished","message":"n8n.node.finished","payload":{"workflowId":"1q5EsT2Y4z9bFBOS","workflowName":"Ticket Processor","executionId":"6","nodeType":"n8n-nodes-base.wait","nodeName":"Wait","nodeId":"bdf3b9cf-7f27-4415-b74f-72d9e1886c73"}}
{"__type":"$$EventMessageConfirm","confirm":"4a2a3ce8-72e5-41e9-94c7-7372f407c631","ts":"2025-07-17T06:57:21.033-04:00","source":{"id":"0","name":"eventBus"}}
{"__type":"$$EventMessageNode","id":"b28cc0ea-4855-4aad-bfee-82846b4f41b8","ts":"2025-07-17T06:57:21.033-04:00","eventName":"n8n.node.started","message":"n8n.node.started","payload":{"workflowId":"1q5EsT2Y4z9bFBOS","workflowName":"Ticket Processor","executionId":"6","nodeType":"n8n-nodes-base.httpRequest","nodeName":"HTTP Request","nodeId":"88011353-74b5-4461-8bba-bd12205ec1ba"}}
{"__type":"$$EventMessageConfirm","confirm":"b28cc0ea-4855-4aad-bfee-82846b4f41b8","ts":"2025-07-17T06:57:21.034-04:00","source":{"id":"0","name":"eventBus"}}
{"__type":"$$EventMessageNode","id":"9ac99c97-59d3-4312-b9c1-f7aaa5f05af2","ts":"2025-07-17T06:57:21.056-04:00","eventName":"n8n.node.finished","message":"n8n.node.finished","payload":{"workflowId":"1q5EsT2Y4z9bFBOS","workflowName":"Ticket Processor","executionId":"6","nodeType":"n8n-nodes-base.httpRequest","nodeName":"HTTP Request","nodeId":"88011353-74b5-4461-8bba-bd12205ec1ba"}}
{"__type":"$$EventMessageConfirm","confirm":"9ac99c97-59d3-4312-b9c1-f7aaa5f05af2","ts":"2025-07-17T06:57:21.056-04:00","source":{"id":"0","name":"eventBus"}}
{"__type":"$$EventMessageWorkflow","id":"cc83a990-6fcc-422b-a04b-0cafb8c0b201","ts":"2025-07-17T06:57:21.057-04:00","eventName":"n8n.workflow.failed","message":"n8n.workflow.failed","payload":{"executionId":"6","success":false,"isManual":false,"workflowId":"1q5EsT2Y4z9bFBOS","workflowName":"Ticket Processor","lastNodeExecuted":"HTTP Request","errorNodeType":"n8n-nodes-base.httpRequest","errorMessage":"Header name must be a valid HTTP token [\"Flowbit Secret\"]"}}
{"__type":"$$EventMessageConfirm","confirm":"cc83a990-6fcc-422b-a04b-0cafb8c0b201","ts":"2025-07-17T06:57:21.057-04:00","source":{"id":"0","name":"eventBus"}}
{"__type":"$$EventMessageWorkflow","id":"185a6dd7-9781-4dfb-b63b-c885a5606f90","ts":"2025-07-17T06:59:03.235-04:00","eventName":"n8n.workflow.started","message":"n8n.workflow.started","payload":{"executionId":"7","workflowId":"1q5EsT2Y4z9bFBOS","isManual":false,"workflowName":"Ticket Processor"}}
{"__type":"$$EventMessageConfirm","confirm":"185a6dd7-9781-4dfb-b63b-c885a5606f90","ts":"2025-07-17T06:59:03.236-04:00","source":{"id":"0","name":"eventBus"}}
{"__type":"$$EventMessageNode","id":"12656550-8c07-4e0b-b7b9-8f70a26baa8f","ts":"2025-07-17T06:59:03.237-04:00","eventName":"n8n.node.started","message":"n8n.node.started","payload":{"workflowId":"1q5EsT2Y4z9bFBOS","workflowName":"Ticket Processor","executionId":"7","nodeType":"n8n-nodes-base.webhook","nodeName":"Webhook","nodeId":"5d1c30b2-2235-4498-9e44-6267054373e1"}}
{"__type":"$$EventMessageConfirm","confirm":"12656550-8c07-4e0b-b7b9-8f70a26baa8f","ts":"2025-07-17T06:59:03.238-04:00","source":{"id":"0","name":"eventBus"}}
{"__type":"$$EventMessageNode","id":"d2c4c7a0-5152-4ca1-8a45-2dacbbad96ff","ts":"2025-07-17T06:59:03.238-04:00","eventName":"n8n.node.finished","message":"n8n.node.finished","payload":{"workflowId":"1q5EsT2Y4z9bFBOS","workflowName":"Ticket Processor","executionId":"7","nodeType":"n8n-nodes-base.webhook","nodeName":"Webhook","nodeId":"5d1c30b2-2235-4498-9e44-6267054373e1"}}
{"__type":"$$EventMessageConfirm","confirm":"d2c4c7a0-5152-4ca1-8a45-2dacbbad96ff","ts":"2025-07-17T06:59:03.239-04:00","source":{"id":"0","name":"eventBus"}}
{"__type":"$$EventMessageNode","id":"384669c3-104d-4bbd-b7e7-d818c9a7bcf8","ts":"2025-07-17T06:59:03.240-04:00","eventName":"n8n.node.started","message":"n8n.node.started","payload":{"workflowId":"1q5EsT2Y4z9bFBOS","workflowName":"Ticket Processor","executionId":"7","nodeType":"n8n-nodes-base.wait","nodeName":"Wait","nodeId":"bdf3b9cf-7f27-4415-b74f-72d9e1886c73"}}
{"__type":"$$EventMessageConfirm","confirm":"384669c3-104d-4bbd-b7e7-d818c9a7bcf8","ts":"2025-07-17T06:59:03.240-04:00","source":{"id":"0","name":"eventBus"}}
{"__type":"$$EventMessageNode","id":"703b9147-e7c0-4d92-b33b-37bdcc59d241","ts":"2025-07-17T06:59:08.245-04:00","eventName":"n8n.node.finished","message":"n8n.node.finished","payload":{"workflowId":"1q5EsT2Y4z9bFBOS","workflowName":"Ticket Processor","executionId":"7","nodeType":"n8n-nodes-base.wait","nodeName":"Wait","nodeId":"bdf3b9cf-7f27-4415-b74f-72d9e1886c73"}}
{"__type":"$$EventMessageConfirm","confirm":"703b9147-e7c0-4d92-b33b-37bdcc59d241","ts":"2025-07-17T06:59:08.246-04:00","source":{"id":"0","name":"eventBus"}}
{"__type":"$$EventMessageNode","id":"09e65b65-2ab8-433b-891d-a6d8c5bd2129","ts":"2025-07-17T06:59:08.246-04:00","eventName":"n8n.node.started","message":"n8n.node.started","payload":{"workflowId":"1q5EsT2Y4z9bFBOS","workflowName":"Ticket Processor","executionId":"7","nodeType":"n8n-nodes-base.httpRequest","nodeName":"HTTP Request","nodeId":"88011353-74b5-4461-8bba-bd12205ec1ba"}}
{"__type":"$$EventMessageConfirm","confirm":"09e65b65-2ab8-433b-891d-a6d8c5bd2129","ts":"2025-07-17T06:59:08.246-04:00","source":{"id":"0","name":"eventBus"}}
{"__type":"$$EventMessageNode","id":"14fe2546-f8c6-46e4-a16c-d707e755cd9f","ts":"2025-07-17T06:59:08.271-04:00","eventName":"n8n.node.finished","message":"n8n.node.finished","payload":{"workflowId":"1q5EsT2Y4z9bFBOS","workflowName":"Ticket Processor","executionId":"7","nodeType":"n8n-nodes-base.httpRequest","nodeName":"HTTP Request","nodeId":"88011353-74b5-4461-8bba-bd12205ec1ba"}}
{"__type":"$$EventMessageConfirm","confirm":"14fe2546-f8c6-46e4-a16c-d707e755cd9f","ts":"2025-07-17T06:59:08.271-04:00","source":{"id":"0","name":"eventBus"}}
{"__type":"$$EventMessageWorkflow","id":"05044e19-5e95-487d-bbbb-cb439329d190","ts":"2025-07-17T06:59:08.272-04:00","eventName":"n8n.workflow.failed","message":"n8n.workflow.failed","payload":{"executionId":"7","success":false,"isManual":false,"workflowId":"1q5EsT2Y4z9bFBOS","workflowName":"Ticket Processor","lastNodeExecuted":"HTTP Request","errorNodeType":"n8n-nodes-base.httpRequest","errorMessage":"Header name must be a valid HTTP token [\"Flowbit Secret\"]"}}
{"__type":"$$EventMessageConfirm","confirm":"05044e19-5e95-487d-bbbb-cb439329d190","ts":"2025-07-17T06:59:08.272-04:00","source":{"id":"0","name":"eventBus"}}
